{"/Users/jade/test/src/mock/product/product_service.js": {"path":"/Users/jade/test/src/mock/product/product_service.js","statementMap":{"0":{"start":{"line":7,"column":4},"end":{"line":7,"column":39}},"1":{"start":{"line":10,"column":4},"end":{"line":12,"column":63}},"2":{"start":{"line":12,"column":23},"end":{"line":12,"column":61}},"3":{"start":{"line":12,"column":46},"end":{"line":12,"column":60}},"4":{"start":{"line":16,"column":0},"end":{"line":16,"column":32}}},"fnMap":{"0":{"name":"(anonymous_0)","decl":{"start":{"line":6,"column":2},"end":{"line":6,"column":3}},"loc":{"start":{"line":6,"column":29},"end":{"line":8,"column":3}},"line":6},"1":{"name":"(anonymous_1)","decl":{"start":{"line":9,"column":2},"end":{"line":9,"column":3}},"loc":{"start":{"line":9,"column":24},"end":{"line":13,"column":3}},"line":9},"2":{"name":"(anonymous_2)","decl":{"start":{"line":12,"column":12},"end":{"line":12,"column":13}},"loc":{"start":{"line":12,"column":23},"end":{"line":12,"column":61}},"line":12},"3":{"name":"(anonymous_3)","decl":{"start":{"line":12,"column":36},"end":{"line":12,"column":37}},"loc":{"start":{"line":12,"column":46},"end":{"line":12,"column":60}},"line":12}},"branchMap":{},"s":{"0":1,"1":1,"2":1,"3":2,"4":1},"f":{"0":1,"1":1,"2":1,"3":2},"b":{},"_coverageSchema":"1a1c01bbd47fc00a2c39e90264f33305004495a9","hash":"30e2231412b9b4d9b8bca2b31f5259c5b4b72d8c"}
,"/Users/jade/test/src/mock/product/product_service_no_di.js": {"path":"/Users/jade/test/src/mock/product/product_service_no_di.js","statementMap":{"0":{"start":{"line":1,"column":22},"end":{"line":1,"column":49}},"1":{"start":{"line":5,"column":4},"end":{"line":5,"column":45}},"2":{"start":{"line":9,"column":4},"end":{"line":11,"column":63}},"3":{"start":{"line":11,"column":23},"end":{"line":11,"column":61}},"4":{"start":{"line":11,"column":46},"end":{"line":11,"column":60}},"5":{"start":{"line":15,"column":0},"end":{"line":15,"column":32}}},"fnMap":{"0":{"name":"(anonymous_0)","decl":{"start":{"line":4,"column":2},"end":{"line":4,"column":3}},"loc":{"start":{"line":4,"column":16},"end":{"line":6,"column":3}},"line":4},"1":{"name":"(anonymous_1)","decl":{"start":{"line":8,"column":2},"end":{"line":8,"column":3}},"loc":{"start":{"line":8,"column":24},"end":{"line":12,"column":3}},"line":8},"2":{"name":"(anonymous_2)","decl":{"start":{"line":11,"column":12},"end":{"line":11,"column":13}},"loc":{"start":{"line":11,"column":23},"end":{"line":11,"column":61}},"line":11},"3":{"name":"(anonymous_3)","decl":{"start":{"line":11,"column":36},"end":{"line":11,"column":37}},"loc":{"start":{"line":11,"column":46},"end":{"line":11,"column":60}},"line":11}},"branchMap":{},"s":{"0":1,"1":2,"2":2,"3":2,"4":4,"5":1},"f":{"0":2,"1":2,"2":2,"3":4},"b":{},"_coverageSchema":"1a1c01bbd47fc00a2c39e90264f33305004495a9","hash":"496401e495b27a01dd8774cd8215f476fad198d0"}
,"/Users/jade/test/src/mock/product/test/stub_product_client.js": {"path":"/Users/jade/test/src/mock/product/test/stub_product_client.js","statementMap":{"0":{"start":{"line":7,"column":4},"end":{"line":10,"column":6}},"1":{"start":{"line":14,"column":0},"end":{"line":14,"column":35}}},"fnMap":{"0":{"name":"(anonymous_0)","decl":{"start":{"line":6,"column":2},"end":{"line":6,"column":3}},"loc":{"start":{"line":6,"column":21},"end":{"line":11,"column":3}},"line":6}},"branchMap":{},"s":{"0":1,"1":1},"f":{"0":1},"b":{},"_coverageSchema":"1a1c01bbd47fc00a2c39e90264f33305004495a9","hash":"2b643ef9cc933256e1c7fa5d7ffb103bb118f0fe"}
}
