TN:
SF:src/basic/add.js
FN:1,add
FNF:1
FNH:1
FNDA:2,add
DA:2,2
DA:3,1
DA:5,1
DA:8,1
LF:4
LH:4
BRDA:2,0,0,1
BRDA:2,0,1,1
BRF:2
BRH:2
end_of_record
TN:
SF:src/basic/async.js
FN:1,fetchProduct
FNF:1
FNH:1
FNDA:5,fetchProduct
DA:2,5
DA:3,1
DA:6,4
DA:9,1
LF:4
LH:4
BRDA:2,0,0,1
BRDA:2,0,1,4
BRF:2
BRH:2
end_of_record
TN:
SF:src/basic/calculator.js
FN:2,(anonymous_0)
FN:6,(anonymous_1)
FN:10,(anonymous_2)
FN:14,(anonymous_3)
FN:22,(anonymous_4)
FN:26,(anonymous_5)
FN:30,(anonymous_6)
FNF:7
FNH:7
FNDA:10,(anonymous_0)
FNDA:6,(anonymous_1)
FNDA:1,(anonymous_2)
FNDA:2,(anonymous_3)
FNDA:1,(anonymous_4)
FNDA:1,(anonymous_5)
FNDA:3,(anonymous_6)
DA:3,10
DA:7,6
DA:11,1
DA:15,2
DA:16,2
DA:17,1
DA:19,1
DA:23,1
DA:27,1
DA:31,3
DA:35,1
LF:11
LH:11
BRDA:16,0,0,1
BRDA:16,0,1,1
BRF:2
BRH:2
end_of_record
TN:
SF:src/mock/check/check.js
FN:1,check
FNF:1
FNH:1
FNDA:1,check
DA:2,1
DA:3,1
DA:5,0
DA:9,1
LF:4
LH:3
BRDA:2,0,0,1
BRDA:2,0,1,0
BRF:2
BRH:1
end_of_record
